<?xml version="1.0" encoding="UTF-8" ?>
<testsuite errors="0" failures="0" hostname="hai-PC" name="tests.AllTests" skipped="0" tests="3" time="43.409" timestamp="2014-09-09T13:52:53">
  <properties>
[...]
</properties>
  <testcase classname="tests.GmailTest" name="test" time="15.222" />
  <testcase classname="tests.GmailTest" name="testFacebook" time="15.365" />
  <testcase classname="tests.YahooTest" name="test" time="12.597" />
  <system-out><![CDATA[Gmail
Welcome to Facebook - Log In, Sign Up or Learn More
Sign in to Yahoo India
]]></system-out>
  <system-err><![CDATA[log4j:WARN No appenders could be found for logger (org.apache.http.client.protocol.RequestAddCookies).
log4j:WARN Please initialize the log4j system properly.
log4j:WARN See http://logging.apache.org/log4j/1.2/faq.html#noconfig for more info.
]]></system-err>
</testsuite>
